2024-07-03 05:30:01.326 [info] Added views:workbench.panel.markers.view in workbench.panel.markers
2024-07-03 05:30:01.326 [info] Added views:workbench.panel.output in workbench.panel.output
2024-07-03 05:30:01.326 [info] Added views:terminal in terminal
2024-07-03 05:30:01.327 [info] Added views:outline in workbench.view.explorer
2024-07-03 05:30:01.327 [info] Added views:workbench.scm in workbench.view.scm
2024-07-03 05:30:01.327 [info] Added views:workbench.view.search in workbench.view.search
2024-07-03 05:30:01.327 [info] Added views:timeline in workbench.view.explorer
2024-07-03 05:30:01.327 [info] Added views:workbench.explorer.fileView in workbench.view.explorer
2024-07-03 05:30:01.789 [info] Added views:workbench.debug.variablesView,workbench.debug.watchExpressionsView,workbench.debug.callStackView,workbench.debug.breakPointsView in workbench.view.debug
2024-07-03 05:30:03.022 [info] Added views:projectsExplorerFavorites,projectManagerHelpAndFeedback in workbench.view.extension.project-manager
2024-07-03 05:30:03.024 [info] Added views:gitlens.views.home,gitlens.views.workspaces,gitlens.views.account in workbench.view.extension.gitlens
2024-07-03 05:30:03.026 [info] Added views:gitlens.views.commitDetails,gitlens.views.lineHistory,gitlens.views.fileHistory,gitlens.views.searchAndCompare in workbench.view.extension.gitlensInspect
2024-07-03 05:30:03.027 [info] Added views:gitlens.views.commits,gitlens.views.branches,gitlens.views.remotes,gitlens.views.stashes,gitlens.views.tags,gitlens.views.contributors in workbench.view.scm
2024-07-03 05:30:03.091 [info] Added views:~remote.forwardedPorts in ~remote.forwardedPortsContainer
2024-07-03 05:30:03.373 [info] Added views:workbench.panel.repl.view in workbench.panel.repl
2024-07-03 05:30:03.373 [info] Removed views:workbench.debug.breakPointsView,workbench.debug.callStackView,workbench.debug.watchExpressionsView,workbench.debug.variablesView from workbench.view.debug
2024-07-03 05:30:03.374 [info] Added views:workbench.debug.welcome in workbench.view.debug
2024-07-03 05:30:05.461 [info] Added views:projectsExplorerGit in workbench.view.extension.project-manager
2024-07-03 05:30:05.475 [info] Removed views:gitlens.views.workspaces from workbench.view.extension.gitlens
2024-07-03 05:30:05.483 [info] Removed views:gitlens.views.searchAndCompare,gitlens.views.fileHistory,gitlens.views.lineHistory,gitlens.views.commitDetails from workbench.view.extension.gitlensInspect
2024-07-03 05:30:05.483 [info] Removed views:gitlens.views.contributors,gitlens.views.tags,gitlens.views.stashes,gitlens.views.remotes,gitlens.views.branches,gitlens.views.commits from workbench.view.scm
2024-07-03 05:30:05.798 [info] Added views:gitlens.views.drafts,gitlens.views.workspaces in workbench.view.extension.gitlens
2024-07-03 07:04:34.955 [info] Added views:workbench.panel.markers.view in workbench.panel.markers
2024-07-03 07:04:34.955 [info] Added views:workbench.panel.output in workbench.panel.output
2024-07-03 07:04:34.955 [info] Added views:terminal in terminal
2024-07-03 07:04:34.955 [info] Added views:outline in workbench.view.explorer
2024-07-03 07:04:34.955 [info] Added views:workbench.scm in workbench.view.scm
2024-07-03 07:04:34.955 [info] Added views:workbench.view.search in workbench.view.search
2024-07-03 07:04:34.955 [info] Added views:timeline in workbench.view.explorer
2024-07-03 07:04:34.955 [info] Added views:workbench.explorer.fileView in workbench.view.explorer
2024-07-03 07:04:35.439 [info] Added views:projectsExplorerFavorites,projectManagerHelpAndFeedback in workbench.view.extension.project-manager
2024-07-03 07:04:35.440 [info] Added views:gitlens.views.home,gitlens.views.workspaces,gitlens.views.account in workbench.view.extension.gitlens
2024-07-03 07:04:35.441 [info] Added views:gitlens.views.commitDetails,gitlens.views.lineHistory,gitlens.views.fileHistory,gitlens.views.searchAndCompare in workbench.view.extension.gitlensInspect
2024-07-03 07:04:35.442 [info] Added views:gitlens.views.commits,gitlens.views.branches,gitlens.views.remotes,gitlens.views.stashes,gitlens.views.tags,gitlens.views.contributors in workbench.view.scm
2024-07-03 07:04:35.802 [info] Added views:workbench.debug.variablesView,workbench.debug.watchExpressionsView,workbench.debug.callStackView,workbench.debug.breakPointsView in workbench.view.debug
2024-07-03 07:04:35.850 [info] Added views:workbench.panel.repl.view in workbench.panel.repl
2024-07-03 07:04:35.851 [info] Removed views:workbench.debug.breakPointsView,workbench.debug.callStackView,workbench.debug.watchExpressionsView,workbench.debug.variablesView from workbench.view.debug
2024-07-03 07:04:35.852 [info] Added views:workbench.debug.welcome in workbench.view.debug
2024-07-03 07:04:36.259 [info] Added views:~remote.forwardedPorts in ~remote.forwardedPortsContainer
2024-07-03 07:04:36.617 [info] Added views:projectsExplorerGit in workbench.view.extension.project-manager
2024-07-03 07:04:36.652 [info] Removed views:gitlens.views.workspaces from workbench.view.extension.gitlens
2024-07-03 07:04:36.656 [info] Removed views:gitlens.views.searchAndCompare,gitlens.views.fileHistory,gitlens.views.lineHistory,gitlens.views.commitDetails from workbench.view.extension.gitlensInspect
2024-07-03 07:04:36.671 [info] Removed views:gitlens.views.contributors,gitlens.views.tags,gitlens.views.stashes,gitlens.views.remotes,gitlens.views.branches,gitlens.views.commits from workbench.view.scm
2024-07-03 07:04:39.989 [info] Added views:gitlens.views.drafts,gitlens.views.workspaces in workbench.view.extension.gitlens
2024-07-03 07:04:40.026 [info] Added views:gitlens.views.graph,gitlens.views.graphDetails in workbench.view.extension.gitlensPanel
2024-07-03 07:04:40.034 [info] Added views:gitlens.views.commitDetails,gitlens.views.lineHistory,gitlens.views.fileHistory,gitlens.views.timeline,gitlens.views.searchAndCompare in workbench.view.extension.gitlensInspect
2024-07-03 07:04:40.038 [info] Added views:gitlens.views.commits,gitlens.views.branches,gitlens.views.remotes,gitlens.views.stashes,gitlens.views.tags,gitlens.views.worktrees,gitlens.views.contributors in workbench.view.scm
